<?xml version="1.0" encoding="UTF-8"?>
<!-- Generated by org.testng.reporters.JUnitReportReporter -->
<testsuite skipped="0" hostname="DESKTOP-AFCAA2G" name="com.qa.TestCases.ContactsPageTest" tests="4" failures="0" timestamp="25 Dec 2019 23:53:18 GMT" time="83.388" errors="0">
  <testcase name="verifyContactsPageLabelTest" time="19.123" classname="com.qa.TestCases.ContactsPageTest"/>
  <testcase name="validateCreateNewContactTest" time="20.284" classname="com.qa.TestCases.ContactsPageTest"/>
  <testcase name="validateCreateNewContactTest" time="21.777" classname="com.qa.TestCases.ContactsPageTest"/>
  <testcase name="validateCreateNewContactTest" time="22.204" classname="com.qa.TestCases.ContactsPageTest"/>
</testsuite> <!-- com.qa.TestCases.ContactsPageTest -->
