<?xml version="1.0" encoding="UTF-8"?>
<!-- Generated by org.testng.reporters.JUnitReportReporter -->
<testsuite skipped="0" hostname="DESKTOP-AFCAA2G" name="com.qa.TestCases.LoginPageTest" tests="2" failures="0" timestamp="25 Dec 2019 23:53:18 GMT" time="39.587" errors="0">
  <testcase name="loginPageTitleTest" time="20.528" classname="com.qa.TestCases.LoginPageTest"/>
  <testcase name="loginTest" time="19.059" classname="com.qa.TestCases.LoginPageTest"/>
</testsuite> <!-- com.qa.TestCases.LoginPageTest -->
