<?xml version="1.0" encoding="UTF-8"?>
<!-- Generated by org.testng.reporters.JUnitReportReporter -->
<testsuite skipped="0" hostname="DESKTOP-AFCAA2G" name="com.qa.TestCases.HomePageTest" tests="3" failures="0" timestamp="25 Dec 2019 23:53:18 GMT" time="67.439" errors="0">
  <testcase name="verifyHomePageTitleTest" time="27.721" classname="com.qa.TestCases.HomePageTest"/>
  <testcase name="verifyUserNameTest" time="18.378" classname="com.qa.TestCases.HomePageTest"/>
  <testcase name="verifyContactsLinkTest" time="21.340" classname="com.qa.TestCases.HomePageTest"/>
</testsuite> <!-- com.qa.TestCases.HomePageTest -->
